[ 2017-03-24T22:33:16+08:00 ] ::1 /cms/
INFO: [ app_init ] --START--
INFO: Run Behavior\BuildLiteBehavior [ RunTime:0.000084s ]
INFO: [ app_init ] --END-- [ RunTime:0.002090s ]

[ 2017-03-24T22:45:15+08:00 ] ::1 /cms/index.php?m=home&c=article&a=lists&cid=14
INFO: [ app_init ] --START--
INFO: Run Behavior\BuildLiteBehavior [ RunTime:0.000041s ]
INFO: [ app_init ] --END-- [ RunTime:0.000825s ]
INFO: [ app_begin ] --START--
INFO: Run Behavior\ReadHtmlCacheBehavior [ RunTime:0.000829s ]
INFO: [ app_begin ] --END-- [ RunTime:0.001027s ]
SQL: SELECT `id`,`name`,`sort`,`level`,`ispart` FROM `chou_channel` WHERE `parentid` = 0 AND `ishidden` = 0 ORDER BY `sort` asc,`ctime` desc  [ RunTime:0.0005s ]
SQL: SELECT `id`,`name`,`sort`,`level`,`ispart` FROM `chou_channel` WHERE `parentid` = 15 AND `ishidden` = 0 ORDER BY `sort` asc,`ctime` desc  [ RunTime:0.0004s ]
SQL: SELECT `id`,`name`,`sort`,`level`,`ispart` FROM `chou_channel` WHERE `parentid` = 14 AND `ishidden` = 0 ORDER BY `sort` asc,`ctime` desc  [ RunTime:0.0004s ]
SQL: SELECT `id`,`name`,`sort`,`level`,`ispart` FROM `chou_channel` WHERE `parentid` = 13 AND `ishidden` = 0 ORDER BY `sort` asc,`ctime` desc  [ RunTime:0.0004s ]
SQL: SELECT * FROM `chou_channel` WHERE `id` = 14 LIMIT 1   [ RunTime:0.0004s ]
SQL: SELECT list.id,list.title,list.flag,channel.name as cate_name,data.content,list.username,list.inputtime,list.updatetime,list.status FROM chou_articles list LEFT JOIN chou_article_data as data  on data.articles_id = list.id LEFT JOIN chou_channel as channel on channel.id=list.channel_id  WHERE `channel_id` = '14' AND `status` = 2 ORDER BY list.inputtime desc LIMIT 0,20   [ RunTime:0.0040s ]
SQL: SELECT COUNT(*) AS tp_count FROM `chou_articles` WHERE `channel_id` = 14 AND `status` = 2 LIMIT 1   [ RunTime:0.0005s ]
SQL: SELECT `id`,`name`,`sort`,`level`,`ispart` FROM `chou_channel` WHERE `parentid` = 0 AND `ishidden` = 0 ORDER BY `sort` asc,`ctime` desc  [ RunTime:0.0005s ]
SQL: SELECT `id`,`name`,`sort`,`level`,`ispart` FROM `chou_channel` WHERE `parentid` = 15 AND `ishidden` = 0 ORDER BY `sort` asc,`ctime` desc  [ RunTime:0.0004s ]
SQL: SELECT `id`,`name`,`sort`,`level`,`ispart` FROM `chou_channel` WHERE `parentid` = 14 AND `ishidden` = 0 ORDER BY `sort` asc,`ctime` desc  [ RunTime:0.0004s ]
SQL: SELECT `id`,`name`,`sort`,`level`,`ispart` FROM `chou_channel` WHERE `parentid` = 13 AND `ishidden` = 0 ORDER BY `sort` asc,`ctime` desc  [ RunTime:0.0004s ]
SQL: SELECT * FROM `chou_channel` WHERE `id` = 14 LIMIT 1   [ RunTime:0.0004s ]
NOTIC: [2] Missing argument 2 for Think\Page::setConfig(), called in C:\Program Files (x86)\Ampps\www\cms\app\Application\Home\Controller\CommonController.class.php on line 50 and defined C:\Program Files (x86)\Ampps\www\cms\app\Core3.2.3\ThinkPHP\Library\Think\Page.class.php 第 58 行.
NOTIC: [2] Division by zero C:\Program Files (x86)\Ampps\www\cms\app\Core3.2.3\ThinkPHP\Library\Think\Page.class.php 第 229 行.
INFO: [ view_parse ] --START--
NOTIC: [8] Undefined index: type C:\Program Files (x86)\Ampps\www\cms\app\Common\TagLib\Sikcms.class.php 第 52 行.
SQL: SELECT `id`,`title`,`channel_id`,`inputtime`,`username` FROM `chou_articles` WHERE `channel_id` = 14 AND `status` = 2 ORDER BY id desc LIMIT 20   [ RunTime:0.0005s ]
NOTIC: [8] Undefined offset: 1 C:\Program Files (x86)\Ampps\www\cms\app\Common\Common\function.php 第 65 行.
NOTIC: [8] Undefined offset: 1 C:\Program Files (x86)\Ampps\www\cms\app\Common\Common\function.php 第 65 行.
INFO: [ template_filter ] --START--
INFO: Run Behavior\ContentReplaceBehavior [ RunTime:0.000154s ]
INFO: [ template_filter ] --END-- [ RunTime:0.000377s ]
NOTIC: [8] Undefined variable: config C:\Program Files (x86)\Ampps\www\cms\app\Application\Runtime\Cache\Home\0fae37ff7ff51bc78e01cf0865389171.php 第 11 行.
INFO: Run Behavior\ParseTemplateBehavior [ RunTime:0.020459s ]
INFO: [ view_parse ] --END-- [ RunTime:0.020654s ]
INFO: [ view_filter ] --START--
INFO: Run Behavior\WriteHtmlCacheBehavior [ RunTime:0.000743s ]
INFO: [ view_filter ] --END-- [ RunTime:0.000925s ]
INFO: [ app_end ] --START--
INFO: Run Behavior\ShowPageTraceBehavior [ RunTime:0.001073s ]
INFO: [ app_end ] --END-- [ RunTime:0.001261s ]

[ 2017-03-24T22:45:16+08:00 ] ::1 /cms/index.php?m=home&c=article&a=lists&cid=14
INFO: [ app_init ] --START--
INFO: Run Behavior\BuildLiteBehavior [ RunTime:0.000060s ]
INFO: [ app_init ] --END-- [ RunTime:0.000738s ]
INFO: [ app_begin ] --START--
INFO: Run Behavior\ReadHtmlCacheBehavior [ RunTime:0.000685s ]
INFO: [ app_begin ] --END-- [ RunTime:0.000871s ]
SQL: SELECT `id`,`name`,`sort`,`level`,`ispart` FROM `chou_channel` WHERE `parentid` = 0 AND `ishidden` = 0 ORDER BY `sort` asc,`ctime` desc  [ RunTime:0.0004s ]
SQL: SELECT `id`,`name`,`sort`,`level`,`ispart` FROM `chou_channel` WHERE `parentid` = 15 AND `ishidden` = 0 ORDER BY `sort` asc,`ctime` desc  [ RunTime:0.0003s ]
SQL: SELECT `id`,`name`,`sort`,`level`,`ispart` FROM `chou_channel` WHERE `parentid` = 14 AND `ishidden` = 0 ORDER BY `sort` asc,`ctime` desc  [ RunTime:0.0003s ]
SQL: SELECT `id`,`name`,`sort`,`level`,`ispart` FROM `chou_channel` WHERE `parentid` = 13 AND `ishidden` = 0 ORDER BY `sort` asc,`ctime` desc  [ RunTime:0.0003s ]
SQL: SELECT * FROM `chou_channel` WHERE `id` = 14 LIMIT 1   [ RunTime:0.0004s ]
SQL: SELECT list.id,list.title,list.flag,channel.name as cate_name,data.content,list.username,list.inputtime,list.updatetime,list.status FROM chou_articles list LEFT JOIN chou_article_data as data  on data.articles_id = list.id LEFT JOIN chou_channel as channel on channel.id=list.channel_id  WHERE `channel_id` = '14' AND `status` = 2 ORDER BY list.inputtime desc LIMIT 0,20   [ RunTime:0.0035s ]
SQL: SELECT COUNT(*) AS tp_count FROM `chou_articles` WHERE `channel_id` = 14 AND `status` = 2 LIMIT 1   [ RunTime:0.0003s ]
SQL: SELECT `id`,`name`,`sort`,`level`,`ispart` FROM `chou_channel` WHERE `parentid` = 0 AND `ishidden` = 0 ORDER BY `sort` asc,`ctime` desc  [ RunTime:0.0003s ]
SQL: SELECT `id`,`name`,`sort`,`level`,`ispart` FROM `chou_channel` WHERE `parentid` = 15 AND `ishidden` = 0 ORDER BY `sort` asc,`ctime` desc  [ RunTime:0.0003s ]
SQL: SELECT `id`,`name`,`sort`,`level`,`ispart` FROM `chou_channel` WHERE `parentid` = 14 AND `ishidden` = 0 ORDER BY `sort` asc,`ctime` desc  [ RunTime:0.0003s ]
SQL: SELECT `id`,`name`,`sort`,`level`,`ispart` FROM `chou_channel` WHERE `parentid` = 13 AND `ishidden` = 0 ORDER BY `sort` asc,`ctime` desc  [ RunTime:0.0003s ]
SQL: SELECT * FROM `chou_channel` WHERE `id` = 14 LIMIT 1   [ RunTime:0.0004s ]
NOTIC: [2] Missing argument 2 for Think\Page::setConfig(), called in C:\Program Files (x86)\Ampps\www\cms\app\Application\Home\Controller\CommonController.class.php on line 50 and defined C:\Program Files (x86)\Ampps\www\cms\app\Core3.2.3\ThinkPHP\Library\Think\Page.class.php 第 58 行.
NOTIC: [2] Division by zero C:\Program Files (x86)\Ampps\www\cms\app\Core3.2.3\ThinkPHP\Library\Think\Page.class.php 第 229 行.
INFO: [ view_parse ] --START--
NOTIC: [8] Undefined index: type C:\Program Files (x86)\Ampps\www\cms\app\Common\TagLib\Sikcms.class.php 第 52 行.
SQL: SELECT `id`,`title`,`channel_id`,`inputtime`,`username` FROM `chou_articles` WHERE `channel_id` = 14 AND `status` = 2 ORDER BY id desc LIMIT 20   [ RunTime:0.0005s ]
NOTIC: [8] Undefined offset: 1 C:\Program Files (x86)\Ampps\www\cms\app\Common\Common\function.php 第 65 行.
NOTIC: [8] Undefined offset: 1 C:\Program Files (x86)\Ampps\www\cms\app\Common\Common\function.php 第 65 行.
INFO: [ template_filter ] --START--
INFO: Run Behavior\ContentReplaceBehavior [ RunTime:0.000140s ]
INFO: [ template_filter ] --END-- [ RunTime:0.000328s ]
NOTIC: [8] Undefined variable: config C:\Program Files (x86)\Ampps\www\cms\app\Application\Runtime\Cache\Home\0fae37ff7ff51bc78e01cf0865389171.php 第 11 行.
INFO: Run Behavior\ParseTemplateBehavior [ RunTime:0.018318s ]
INFO: [ view_parse ] --END-- [ RunTime:0.018491s ]
INFO: [ view_filter ] --START--
INFO: Run Behavior\WriteHtmlCacheBehavior [ RunTime:0.000667s ]
INFO: [ view_filter ] --END-- [ RunTime:0.000829s ]
INFO: [ app_end ] --START--
INFO: Run Behavior\ShowPageTraceBehavior [ RunTime:0.000929s ]
INFO: [ app_end ] --END-- [ RunTime:0.001095s ]

[ 2017-03-24T22:45:17+08:00 ] ::1 /cms/index.php?m=home&c=article&a=lists&cid=14
INFO: [ app_init ] --START--
INFO: Run Behavior\BuildLiteBehavior [ RunTime:0.000040s ]
INFO: [ app_init ] --END-- [ RunTime:0.000589s ]
INFO: [ app_begin ] --START--
INFO: Run Behavior\ReadHtmlCacheBehavior [ RunTime:0.000741s ]
INFO: [ app_begin ] --END-- [ RunTime:0.001018s ]
SQL: SELECT `id`,`name`,`sort`,`level`,`ispart` FROM `chou_channel` WHERE `parentid` = 0 AND `ishidden` = 0 ORDER BY `sort` asc,`ctime` desc  [ RunTime:0.0005s ]
SQL: SELECT `id`,`name`,`sort`,`level`,`ispart` FROM `chou_channel` WHERE `parentid` = 15 AND `ishidden` = 0 ORDER BY `sort` asc,`ctime` desc  [ RunTime:0.0004s ]
SQL: SELECT `id`,`name`,`sort`,`level`,`ispart` FROM `chou_channel` WHERE `parentid` = 14 AND `ishidden` = 0 ORDER BY `sort` asc,`ctime` desc  [ RunTime:0.0004s ]
SQL: SELECT `id`,`name`,`sort`,`level`,`ispart` FROM `chou_channel` WHERE `parentid` = 13 AND `ishidden` = 0 ORDER BY `sort` asc,`ctime` desc  [ RunTime:0.0004s ]
SQL: SELECT * FROM `chou_channel` WHERE `id` = 14 LIMIT 1   [ RunTime:0.0004s ]
SQL: SELECT list.id,list.title,list.flag,channel.name as cate_name,data.content,list.username,list.inputtime,list.updatetime,list.status FROM chou_articles list LEFT JOIN chou_article_data as data  on data.articles_id = list.id LEFT JOIN chou_channel as channel on channel.id=list.channel_id  WHERE `channel_id` = '14' AND `status` = 2 ORDER BY list.inputtime desc LIMIT 0,20   [ RunTime:0.0041s ]
SQL: SELECT COUNT(*) AS tp_count FROM `chou_articles` WHERE `channel_id` = 14 AND `status` = 2 LIMIT 1   [ RunTime:0.0005s ]
SQL: SELECT `id`,`name`,`sort`,`level`,`ispart` FROM `chou_channel` WHERE `parentid` = 0 AND `ishidden` = 0 ORDER BY `sort` asc,`ctime` desc  [ RunTime:0.0004s ]
SQL: SELECT `id`,`name`,`sort`,`level`,`ispart` FROM `chou_channel` WHERE `parentid` = 15 AND `ishidden` = 0 ORDER BY `sort` asc,`ctime` desc  [ RunTime:0.0004s ]
SQL: SELECT `id`,`name`,`sort`,`level`,`ispart` FROM `chou_channel` WHERE `parentid` = 14 AND `ishidden` = 0 ORDER BY `sort` asc,`ctime` desc  [ RunTime:0.0004s ]
SQL: SELECT `id`,`name`,`sort`,`level`,`ispart` FROM `chou_channel` WHERE `parentid` = 13 AND `ishidden` = 0 ORDER BY `sort` asc,`ctime` desc  [ RunTime:0.0004s ]
SQL: SELECT * FROM `chou_channel` WHERE `id` = 14 LIMIT 1   [ RunTime:0.0004s ]
NOTIC: [2] Missing argument 2 for Think\Page::setConfig(), called in C:\Program Files (x86)\Ampps\www\cms\app\Application\Home\Controller\CommonController.class.php on line 50 and defined C:\Program Files (x86)\Ampps\www\cms\app\Core3.2.3\ThinkPHP\Library\Think\Page.class.php 第 58 行.
NOTIC: [2] Division by zero C:\Program Files (x86)\Ampps\www\cms\app\Core3.2.3\ThinkPHP\Library\Think\Page.class.php 第 229 行.
INFO: [ view_parse ] --START--
NOTIC: [8] Undefined index: type C:\Program Files (x86)\Ampps\www\cms\app\Common\TagLib\Sikcms.class.php 第 52 行.
SQL: SELECT `id`,`title`,`channel_id`,`inputtime`,`username` FROM `chou_articles` WHERE `channel_id` = 14 AND `status` = 2 ORDER BY id desc LIMIT 20   [ RunTime:0.0004s ]
NOTIC: [8] Undefined offset: 1 C:\Program Files (x86)\Ampps\www\cms\app\Common\Common\function.php 第 65 行.
NOTIC: [8] Undefined offset: 1 C:\Program Files (x86)\Ampps\www\cms\app\Common\Common\function.php 第 65 行.
INFO: [ template_filter ] --START--
INFO: Run Behavior\ContentReplaceBehavior [ RunTime:0.000128s ]
INFO: [ template_filter ] --END-- [ RunTime:0.000250s ]
NOTIC: [8] Undefined variable: config C:\Program Files (x86)\Ampps\www\cms\app\Application\Runtime\Cache\Home\0fae37ff7ff51bc78e01cf0865389171.php 第 11 行.
INFO: Run Behavior\ParseTemplateBehavior [ RunTime:0.014376s ]
INFO: [ view_parse ] --END-- [ RunTime:0.014524s ]
INFO: [ view_filter ] --START--
INFO: Run Behavior\WriteHtmlCacheBehavior [ RunTime:0.000434s ]
INFO: [ view_filter ] --END-- [ RunTime:0.000553s ]
INFO: [ app_end ] --START--
INFO: Run Behavior\ShowPageTraceBehavior [ RunTime:0.000714s ]
INFO: [ app_end ] --END-- [ RunTime:0.000828s ]

